<?xml version="1.0" encoding="UTF-8"?>
<testng-results ignored="0" total="3" passed="3" failed="0" skipped="0">
  <reporter-output>
  </reporter-output>
  <suite started-at="2026-04-22T12:22:18 IST" name="Default suite" finished-at="2026-04-22T12:22:40 IST" duration-ms="22280">
    <groups>
    </groups>
    <test started-at="2026-04-22T12:22:18 IST" name="Default test" finished-at="2026-04-22T12:22:40 IST" duration-ms="22280">
      <class name="com.test.LoginLogs">
        <test-method is-config="true" signature="setup()[pri:0, instance:com.test.LoginLogs@22bac7bc]" started-at="2026-04-22T12:22:19 IST" name="setup" finished-at="2026-04-22T12:22:23 IST" duration-ms="4394" status="PASS">
          <reporter-output>
          </reporter-output>
        </test-method> <!-- setup -->
        <test-method signature="Invalid1(java.lang.String,java.lang.String)[pri:0, instance:com.test.LoginLogs@22bac7bc]" started-at="2026-04-22T12:22:23 IST" name="Invalid1" data-provider="invalid" finished-at="2026-04-22T12:22:28 IST" duration-ms="4763" status="PASS">
          <params>
            <param index="0">
              <value>
                <![CDATA[admin]]>
              </value>
            </param>
            <param index="1">
              <value>
                <![CDATA[haritha]]>
              </value>
            </param>
          </params>
          <reporter-output>
          </reporter-output>
        </test-method> <!-- Invalid1 -->
        <test-method is-config="true" signature="tearDown()[pri:0, instance:com.test.LoginLogs@22bac7bc]" started-at="2026-04-22T12:22:28 IST" name="tearDown" finished-at="2026-04-22T12:22:29 IST" duration-ms="300" status="PASS">
          <reporter-output>
          </reporter-output>
        </test-method> <!-- tearDown -->
        <test-method is-config="true" signature="setup()[pri:0, instance:com.test.LoginLogs@22bac7bc]" started-at="2026-04-22T12:22:29 IST" name="setup" finished-at="2026-04-22T12:22:32 IST" duration-ms="3037" status="PASS">
          <reporter-output>
          </reporter-output>
        </test-method> <!-- setup -->
        <test-method signature="Invalid1(java.lang.String,java.lang.String)[pri:0, instance:com.test.LoginLogs@22bac7bc]" started-at="2026-04-22T12:22:32 IST" name="Invalid1" data-provider="invalid" finished-at="2026-04-22T12:22:34 IST" duration-ms="2460" status="PASS">
          <params>
            <param index="0">
              <value>
                <![CDATA[haritha]]>
              </value>
            </param>
            <param index="1">
              <value>
                <![CDATA[admin]]>
              </value>
            </param>
          </params>
          <reporter-output>
          </reporter-output>
        </test-method> <!-- Invalid1 -->
        <test-method is-config="true" signature="tearDown()[pri:0, instance:com.test.LoginLogs@22bac7bc]" started-at="2026-04-22T12:22:34 IST" name="tearDown" finished-at="2026-04-22T12:22:34 IST" duration-ms="203" status="PASS">
          <reporter-output>
          </reporter-output>
        </test-method> <!-- tearDown -->
        <test-method is-config="true" signature="setup()[pri:0, instance:com.test.LoginLogs@22bac7bc]" started-at="2026-04-22T12:22:34 IST" name="setup" finished-at="2026-04-22T12:22:37 IST" duration-ms="2548" status="PASS">
          <reporter-output>
          </reporter-output>
        </test-method> <!-- setup -->
        <test-method signature="valid(java.lang.String,java.lang.String)[pri:0, instance:com.test.LoginLogs@22bac7bc]" started-at="2026-04-22T12:22:37 IST" name="valid" data-provider="valid" finished-at="2026-04-22T12:22:40 IST" duration-ms="3205" status="PASS">
          <params>
            <param index="0">
              <value>
                <![CDATA[admin]]>
              </value>
            </param>
            <param index="1">
              <value>
                <![CDATA[admin]]>
              </value>
            </param>
          </params>
          <reporter-output>
          </reporter-output>
        </test-method> <!-- valid -->
        <test-method is-config="true" signature="tearDown()[pri:0, instance:com.test.LoginLogs@22bac7bc]" started-at="2026-04-22T12:22:40 IST" name="tearDown" finished-at="2026-04-22T12:22:40 IST" duration-ms="291" status="PASS">
          <reporter-output>
          </reporter-output>
        </test-method> <!-- tearDown -->
      </class> <!-- com.test.LoginLogs -->
    </test> <!-- Default test -->
  </suite> <!-- Default suite -->
</testng-results>
