<?xml version="1.0" encoding="UTF-8"?>
<testng-results ignored="0" total="4" passed="3" failed="1" skipped="0">
  <reporter-output>
  </reporter-output>
  <suite started-at="2026-04-17T16:20:20 IST" name="Default suite" finished-at="2026-04-17T16:20:47 IST" duration-ms="26942">
    <groups>
    </groups>
    <test started-at="2026-04-17T16:20:20 IST" name="Default test" finished-at="2026-04-17T16:20:47 IST" duration-ms="26942">
      <class name="com.test.SoftAssertion">
        <test-method is-config="true" signature="beforeMethod()[pri:0, instance:com.test.SoftAssertion@4802796d]" started-at="2026-04-17T16:20:20 IST" name="beforeMethod" finished-at="2026-04-17T16:20:26 IST" duration-ms="5558" status="PASS">
          <reporter-output>
          </reporter-output>
        </test-method> <!-- beforeMethod -->
        <test-method signature="validation()[pri:0, instance:com.test.SoftAssertion@4802796d]" started-at="2026-04-17T16:20:26 IST" name="validation" finished-at="2026-04-17T16:20:29 IST" duration-ms="3021" status="PASS">
          <reporter-output>
          </reporter-output>
        </test-method> <!-- validation -->
        <test-method is-config="true" signature="after()[pri:0, instance:com.test.SoftAssertion@4802796d]" started-at="2026-04-17T16:20:29 IST" name="after" finished-at="2026-04-17T16:20:29 IST" duration-ms="466" status="PASS">
          <reporter-output>
          </reporter-output>
        </test-method> <!-- after -->
        <test-method is-config="true" signature="beforeMethod()[pri:0, instance:com.test.SoftAssertion@4802796d]" started-at="2026-04-17T16:20:29 IST" name="beforeMethod" finished-at="2026-04-17T16:20:33 IST" duration-ms="3812" status="PASS">
          <reporter-output>
          </reporter-output>
        </test-method> <!-- beforeMethod -->
        <test-method signature="invalidpassword()[pri:0, instance:com.test.SoftAssertion@4802796d]" started-at="2026-04-17T16:20:33 IST" name="invalidpassword" finished-at="2026-04-17T16:20:35 IST" duration-ms="2145" status="PASS">
          <reporter-output>
          </reporter-output>
        </test-method> <!-- invalidpassword -->
        <test-method is-config="true" signature="after()[pri:0, instance:com.test.SoftAssertion@4802796d]" started-at="2026-04-17T16:20:35 IST" name="after" finished-at="2026-04-17T16:20:35 IST" duration-ms="394" status="PASS">
          <reporter-output>
          </reporter-output>
        </test-method> <!-- after -->
        <test-method is-config="true" signature="beforeMethod()[pri:0, instance:com.test.SoftAssertion@4802796d]" started-at="2026-04-17T16:20:35 IST" name="beforeMethod" finished-at="2026-04-17T16:20:40 IST" duration-ms="4592" status="PASS">
          <reporter-output>
          </reporter-output>
        </test-method> <!-- beforeMethod -->
        <test-method signature="title()[pri:0, instance:com.test.SoftAssertion@4802796d]" started-at="2026-04-17T16:20:40 IST" name="title" finished-at="2026-04-17T16:20:40 IST" duration-ms="74" status="FAIL">
          <exception class="java.lang.AssertionError">
            <message>
              <![CDATA[The following asserts failed:
the title is not same expected [STORES] but found [STORE]]]>
            </message>
            <full-stacktrace>
              <![CDATA[java.lang.AssertionError: The following asserts failed:
the title is not same expected [STORES] but found [STORE]
at org.testng.asserts.SoftAssert.assertAll(SoftAssert.java:46)
at org.testng.asserts.SoftAssert.assertAll(SoftAssert.java:30)
at com.test.SoftAssertion.title(SoftAssertion.java:41)
at java.base/jdk.internal.reflect.DirectMethodHandleAccessor.invoke(DirectMethodHandleAccessor.java:103)
at java.base/java.lang.reflect.Method.invoke(Method.java:580)
at org.testng.internal.invokers.MethodInvocationHelper.invokeMethod(MethodInvocationHelper.java:141)
at org.testng.internal.invokers.TestInvoker.invokeMethod(TestInvoker.java:697)
at org.testng.internal.invokers.TestInvoker.invokeTestMethod(TestInvoker.java:230)
at org.testng.internal.invokers.MethodRunner.runInSequence(MethodRunner.java:63)
at org.testng.internal.invokers.TestInvoker$MethodInvocationAgent.invoke(TestInvoker.java:1005)
at org.testng.internal.invokers.TestInvoker.invokeTestMethods(TestInvoker.java:203)
at org.testng.internal.invokers.TestMethodWorker.invokeTestMethods(TestMethodWorker.java:154)
at org.testng.internal.invokers.TestMethodWorker.run(TestMethodWorker.java:134)
at java.base/java.util.ArrayList.forEach(ArrayList.java:1596)
at org.testng.TestRunner.privateRun(TestRunner.java:744)
at org.testng.TestRunner.run(TestRunner.java:616)
at org.testng.SuiteRunner.runTest(SuiteRunner.java:421)
at org.testng.SuiteRunner.runSequentially(SuiteRunner.java:413)
at org.testng.SuiteRunner.privateRun(SuiteRunner.java:373)
at org.testng.SuiteRunner.run(SuiteRunner.java:312)
at org.testng.SuiteRunnerWorker.runSuite(SuiteRunnerWorker.java:52)
at org.testng.SuiteRunnerWorker.run(SuiteRunnerWorker.java:95)
at org.testng.TestNG.runSuitesSequentially(TestNG.java:1274)
at org.testng.TestNG.runSuitesLocally(TestNG.java:1208)
at org.testng.TestNG.runSuites(TestNG.java:1112)
at org.testng.TestNG.run(TestNG.java:1079)
at org.testng.remote.AbstractRemoteTestNG.run(AbstractRemoteTestNG.java:115)
at org.testng.remote.RemoteTestNG.initAndRun(RemoteTestNG.java:293)
at org.testng.remote.RemoteTestNG.main(RemoteTestNG.java:91)
]]>
            </full-stacktrace>
          </exception> <!-- java.lang.AssertionError -->
          <reporter-output>
          </reporter-output>
        </test-method> <!-- title -->
        <test-method is-config="true" signature="after()[pri:0, instance:com.test.SoftAssertion@4802796d]" started-at="2026-04-17T16:20:40 IST" name="after" finished-at="2026-04-17T16:20:41 IST" duration-ms="384" status="PASS">
          <reporter-output>
          </reporter-output>
        </test-method> <!-- after -->
        <test-method is-config="true" signature="beforeMethod()[pri:0, instance:com.test.SoftAssertion@4802796d]" started-at="2026-04-17T16:20:41 IST" name="beforeMethod" finished-at="2026-04-17T16:20:44 IST" duration-ms="3714" status="PASS">
          <reporter-output>
          </reporter-output>
        </test-method> <!-- beforeMethod -->
        <test-method signature="invaliduser()[pri:0, instance:com.test.SoftAssertion@4802796d]" started-at="2026-04-17T16:20:44 IST" name="invaliduser" finished-at="2026-04-17T16:20:46 IST" depends-on-methods="com.test.SoftAssertion.validation" duration-ms="2159" status="PASS">
          <reporter-output>
          </reporter-output>
        </test-method> <!-- invaliduser -->
        <test-method is-config="true" signature="after()[pri:0, instance:com.test.SoftAssertion@4802796d]" started-at="2026-04-17T16:20:46 IST" name="after" finished-at="2026-04-17T16:20:47 IST" duration-ms="498" status="PASS">
          <reporter-output>
          </reporter-output>
        </test-method> <!-- after -->
      </class> <!-- com.test.SoftAssertion -->
    </test> <!-- Default test -->
  </suite> <!-- Default suite -->
</testng-results>
