<?xml version="1.0" encoding="UTF-8"?>
<!-- Generated by org.testng.reporters.JUnitXMLReporter -->
<testsuite ignored="0" hostname="DESKTOP-K2SJR3U" failures="0" tests="4" name="Default test" time="22.404" errors="0" timestamp="2026-04-23T19:26:58 IST">
  <testcase classname="com.test.FirstTest" name="invalidpassword" time="2.125"/>
  <testcase classname="com.test.FirstTest" name="invaliduser" time="1.959"/>
  <testcase classname="com.test.FirstTest" name="title" time="0.036"/>
  <testcase classname="com.test.FirstTest" name="validation" time="3.704"/>
</testsuite> <!-- Default test -->
