<?xml version="1.0" encoding="UTF-8"?>
<!-- Generated by org.testng.reporters.JUnitXMLReporter -->
<testsuite ignored="0" hostname="DESKTOP-K2SJR3U" failures="0" tests="4" name="Default test" time="0.154" errors="0" timestamp="2026-04-20T16:35:35 IST">
  <testcase classname="com.test.DemoBlazeDataProvider" name="@BeforeMethod beforeMethod" time="-1.776683135827E9">
    <failure type="org.testng.TestNGException" message="
Parameter &amp;apos;browser&amp;apos; is required by BeforeMethod on method beforeMethod but has not been marked @Optional or defined
in C:\Users\HARITHA\AppData\Local\Temp\testng-eclipse-337077576\testng-customsuite.xml">
      <![CDATA[org.testng.TestNGException: 
Parameter 'browser' is required by BeforeMethod on method beforeMethod but has not been marked @Optional or defined
in C:\Users\HARITHA\AppData\Local\Temp\testng-eclipse-337077576\testng-customsuite.xml
at org.testng.internal.Parameters.createParams(Parameters.java:264)
at org.testng.internal.Parameters.createParametersForMethod(Parameters.java:352)
at org.testng.internal.Parameters.createParameters(Parameters.java:690)
at org.testng.internal.Parameters.createConfigurationParameters(Parameters.java:163)
at org.testng.internal.invokers.ConfigInvoker.invokeConfigurations(ConfigInvoker.java:313)
at org.testng.internal.invokers.TestInvoker.runConfigMethods(TestInvoker.java:846)
at org.testng.internal.invokers.TestInvoker.invokeMethod(TestInvoker.java:611)
at org.testng.internal.invokers.TestInvoker.invokeTestMethod(TestInvoker.java:230)
at org.testng.internal.invokers.TestMethodWithDataProviderMethodWorker.call(TestMethodWithDataProviderMethodWorker.java:81)
at org.testng.internal.thread.Async$AsyncTask.run(Async.java:34)
at java.base/java.util.concurrent.ThreadPoolExecutor.runWorker(ThreadPoolExecutor.java:1144)
at java.base/java.util.concurrent.ThreadPoolExecutor$Worker.run(ThreadPoolExecutor.java:642)
at java.base/java.lang.Thread.run(Thread.java:1583)
]]>
    </failure>
  </testcase> <!-- @BeforeMethod beforeMethod -->
  <testcase classname="com.test.DemoBlazeDataProvider" name="@BeforeMethod beforeMethod" time="-1.776683135827E9">
    <failure type="org.testng.TestNGException" message="
Parameter &amp;apos;browser&amp;apos; is required by BeforeMethod on method beforeMethod but has not been marked @Optional or defined
in C:\Users\HARITHA\AppData\Local\Temp\testng-eclipse-337077576\testng-customsuite.xml">
      <![CDATA[org.testng.TestNGException: 
Parameter 'browser' is required by BeforeMethod on method beforeMethod but has not been marked @Optional or defined
in C:\Users\HARITHA\AppData\Local\Temp\testng-eclipse-337077576\testng-customsuite.xml
at org.testng.internal.Parameters.createParams(Parameters.java:264)
at org.testng.internal.Parameters.createParametersForMethod(Parameters.java:352)
at org.testng.internal.Parameters.createParameters(Parameters.java:690)
at org.testng.internal.Parameters.createConfigurationParameters(Parameters.java:163)
at org.testng.internal.invokers.ConfigInvoker.invokeConfigurations(ConfigInvoker.java:313)
at org.testng.internal.invokers.TestInvoker.runConfigMethods(TestInvoker.java:846)
at org.testng.internal.invokers.TestInvoker.invokeMethod(TestInvoker.java:611)
at org.testng.internal.invokers.TestInvoker.invokeTestMethod(TestInvoker.java:230)
at org.testng.internal.invokers.TestMethodWithDataProviderMethodWorker.call(TestMethodWithDataProviderMethodWorker.java:81)
at org.testng.internal.thread.Async$AsyncTask.run(Async.java:34)
at java.base/java.util.concurrent.ThreadPoolExecutor.runWorker(ThreadPoolExecutor.java:1144)
at java.base/java.util.concurrent.ThreadPoolExecutor$Worker.run(ThreadPoolExecutor.java:642)
at java.base/java.lang.Thread.run(Thread.java:1583)
]]>
    </failure>
  </testcase> <!-- @BeforeMethod beforeMethod -->
  <testcase classname="com.test.DemoBlazeDataProvider" name="@AfterMethod after" time="0.0">
    <skipped/>
  </testcase> <!-- @AfterMethod after -->
  <testcase classname="com.test.DemoBlazeDataProvider" name="@AfterMethod after" time="0.0">
    <skipped/>
  </testcase> <!-- @AfterMethod after -->
  <testcase classname="com.test.DemoBlazeDataProvider" name="@BeforeMethod beforeMethod" time="0.0">
    <skipped/>
  </testcase> <!-- @BeforeMethod beforeMethod -->
  <testcase classname="com.test.DemoBlazeDataProvider" name="@AfterMethod after" time="0.0">
    <skipped/>
  </testcase> <!-- @AfterMethod after -->
  <testcase classname="com.test.DemoBlazeDataProvider" name="@BeforeMethod beforeMethod" time="0.0">
    <skipped/>
  </testcase> <!-- @BeforeMethod beforeMethod -->
  <testcase classname="com.test.DemoBlazeDataProvider" name="@AfterMethod after" time="0.0">
    <skipped/>
  </testcase> <!-- @AfterMethod after -->
  <testcase classname="com.test.DemoBlazeDataProvider" name="invalid" time="0.0">
    <skipped/>
  </testcase> <!-- invalid -->
  <testcase classname="com.test.DemoBlazeDataProvider" name="invalid" time="0.0">
    <skipped/>
  </testcase> <!-- invalid -->
  <testcase classname="com.test.DemoBlazeDataProvider" name="title" time="0.0">
    <skipped/>
  </testcase> <!-- title -->
  <testcase classname="com.test.DemoBlazeDataProvider" name="validation" time="0.0">
    <skipped/>
  </testcase> <!-- validation -->
</testsuite> <!-- Default test -->
