<?xml version="1.0" encoding="UTF-8"?>
<testng-results ignored="0" total="2" passed="2" failed="0" skipped="0">
  <reporter-output>
  </reporter-output>
  <suite started-at="2026-04-28T13:01:58 IST" name="Suite" finished-at="2026-04-28T13:02:33 IST" duration-ms="34858">
    <groups>
    </groups>
    <test started-at="2026-04-28T13:01:58 IST" name="Test" finished-at="2026-04-28T13:02:33 IST" duration-ms="34858">
      <class name="com.test.DashboardTest">
        <test-method is-config="true" signature="beforeClass()[pri:0, instance:com.test.DashboardTest@24269709]" started-at="2026-04-28T13:01:58 IST" name="beforeClass" finished-at="2026-04-28T13:02:11 IST" duration-ms="13092" status="PASS">
          <reporter-output>
          </reporter-output>
        </test-method> <!-- beforeClass -->
        <test-method signature="DashBoardTest()[pri:0, instance:com.test.DashboardTest@24269709]" started-at="2026-04-28T13:02:11 IST" name="DashBoardTest" finished-at="2026-04-28T13:02:33 IST" duration-ms="21205" status="PASS">
          <reporter-output>
          </reporter-output>
        </test-method> <!-- DashBoardTest -->
        <test-method is-config="true" signature="afterClass()[pri:0, instance:com.test.DashboardTest@24269709]" started-at="2026-04-28T13:02:33 IST" name="afterClass" finished-at="2026-04-28T13:02:33 IST" duration-ms="422" status="PASS">
          <reporter-output>
          </reporter-output>
        </test-method> <!-- afterClass -->
      </class> <!-- com.test.DashboardTest -->
      <class name="com.test.LoginTest">
        <test-method is-config="true" signature="beforeClass()[pri:0, instance:com.test.LoginTest@1c1bbc4e]" started-at="2026-04-28T13:01:58 IST" name="beforeClass" finished-at="2026-04-28T13:02:14 IST" duration-ms="15549" status="PASS">
          <reporter-output>
          </reporter-output>
        </test-method> <!-- beforeClass -->
        <test-method signature="loginTest()[pri:0, instance:com.test.LoginTest@1c1bbc4e]" started-at="2026-04-28T13:02:14 IST" name="loginTest" finished-at="2026-04-28T13:02:18 IST" duration-ms="4507" status="PASS">
          <reporter-output>
          </reporter-output>
        </test-method> <!-- loginTest -->
        <test-method is-config="true" signature="afterClass()[pri:0, instance:com.test.LoginTest@1c1bbc4e]" started-at="2026-04-28T13:02:18 IST" name="afterClass" finished-at="2026-04-28T13:02:19 IST" duration-ms="819" status="PASS">
          <reporter-output>
          </reporter-output>
        </test-method> <!-- afterClass -->
      </class> <!-- com.test.LoginTest -->
    </test> <!-- Test -->
  </suite> <!-- Suite -->
</testng-results>
