<?xml version="1.0" encoding="UTF-8"?>
<!-- Generated by org.testng.reporters.JUnitReportReporter -->
<testsuite hostname="DESKTOP-K2SJR3U" failures="0" tests="4" name="com.test.DemoBlazeDataProvider" time="100.200" errors="0" timestamp="2026-04-20T16:36:57 IST" skipped="0">
  <testcase classname="com.test.DemoBlazeDataProvider" name="title" time="16.363"/>
  <testcase classname="com.test.DemoBlazeDataProvider" name="invalid" time="34.057"/>
  <testcase classname="com.test.DemoBlazeDataProvider" name="invalid" time="23.480"/>
  <testcase classname="com.test.DemoBlazeDataProvider" name="validation" time="26.300"/>
</testsuite> <!-- com.test.DemoBlazeDataProvider -->
