<?xml version="1.0" encoding="UTF-8"?>
<!-- Generated by org.testng.reporters.JUnitReportReporter -->
<testsuite hostname="DESKTOP-K2SJR3U" failures="0" tests="3" name="com.test.GroupsPractice" time="0.041" errors="0" timestamp="2026-04-17T12:29:09 IST" skipped="0">
  <testcase classname="com.test.GroupsPractice" name="method3" time="0.018"/>
  <testcase classname="com.test.GroupsPractice" name="method1" time="0.018"/>
  <testcase classname="com.test.GroupsPractice" name="method2" time="0.005"/>
</testsuite> <!-- com.test.GroupsPractice -->
