<?xml version="1.0" encoding="UTF-8"?>
<!-- Generated by org.testng.reporters.JUnitReportReporter -->
<testsuite hostname="DESKTOP-K2SJR3U" failures="0" tests="4" name="com.test.FirstTest" time="25.080" errors="0" timestamp="2026-04-17T15:53:33 IST" skipped="0">
  <testcase classname="com.test.FirstTest" name="invalidpassword" time="5.757"/>
  <testcase classname="com.test.FirstTest" name="title" time="4.743"/>
  <testcase classname="com.test.FirstTest" name="validation" time="8.954"/>
  <testcase classname="com.test.FirstTest" name="invaliduser" time="5.626"/>
</testsuite> <!-- com.test.FirstTest -->
