<?xml version="1.0" encoding="UTF-8"?>
<!-- Generated by org.testng.reporters.JUnitReportReporter -->
<testsuite hostname="DESKTOP-K2SJR3U" failures="0" tests="4" name="com.test.FirstTest" time="22.320" errors="0" timestamp="2026-04-23T19:26:58 IST" skipped="0">
  <testcase classname="com.test.FirstTest" name="invalidpassword" time="7.318"/>
  <testcase classname="com.test.FirstTest" name="invaliduser" time="4.693"/>
  <testcase classname="com.test.FirstTest" name="title" time="3.539"/>
  <testcase classname="com.test.FirstTest" name="validation" time="6.770"/>
</testsuite> <!-- com.test.FirstTest -->
