<?xml version="1.0" encoding="UTF-8"?>
<!-- Generated by org.testng.reporters.JUnitReportReporter -->
<testsuite hostname="DESKTOP-K2SJR3U" failures="0" tests="4" name="com.test.mytest" time="28.273" errors="0" timestamp="2026-04-20T14:07:36 IST" skipped="0">
  <testcase classname="com.test.mytest" name="invaliduser" time="7.370"/>
  <testcase classname="com.test.mytest" name="invalidpassword" time="7.286"/>
  <testcase classname="com.test.mytest" name="validation" time="9.491"/>
  <testcase classname="com.test.mytest" name="title" time="4.126"/>
</testsuite> <!-- com.test.mytest -->
