<?xml version="1.0" encoding="UTF-8"?>
<!-- Generated by org.testng.reporters.JUnitXMLReporter -->
<testsuite ignored="0" hostname="DESKTOP-K2SJR3U" failures="0" tests="4" name="mytest" time="33.854" errors="0" timestamp="2026-04-20T16:11:22 IST">
  <testcase classname="com.test.DemoBlazeDataProvider" name="invalid" time="2.86"/>
  <testcase classname="com.test.DemoBlazeDataProvider" name="invalid" time="2.787"/>
  <testcase classname="com.test.DemoBlazeDataProvider" name="title" time="0.118"/>
  <testcase classname="com.test.DemoBlazeDataProvider" name="validation" time="4.03"/>
</testsuite> <!-- mytest -->
