<?xml version="1.0" encoding="UTF-8"?>
<!-- Generated by org.testng.reporters.JUnitXMLReporter -->
<testsuite ignored="0" hostname="DESKTOP-K2SJR3U" failures="0" tests="4" name="Test" time="25.544" errors="0" timestamp="2026-04-20T16:36:56 IST">
  <testcase classname="com.test.DemoBlazeDataProvider" name="title" time="0.249"/>
  <testcase classname="com.test.DemoBlazeDataProvider" name="invalid" time="7.81"/>
  <testcase classname="com.test.DemoBlazeDataProvider" name="validation" time="9.025"/>
  <testcase classname="com.test.DemoBlazeDataProvider" name="invalid" time="7.809"/>
</testsuite> <!-- Test -->
