<?xml version="1.0" encoding="UTF-8"?>
<!-- Generated by org.testng.reporters.JUnitXMLReporter -->
<testsuite ignored="0" hostname="DESKTOP-K2SJR3U" failures="0" tests="4" name="Default test" time="17.92" errors="0" timestamp="2026-04-29T16:32:31 IST">
  <testcase classname="com.test.CommonTest" name="logintest" time="1.247"/>
  <testcase classname="com.test.CommonTest" name="hometest" time="4.11"/>
  <testcase classname="com.test.CommonTest" name="productTest" time="2.975"/>
  <testcase classname="com.test.CommonTest" name="cartTest" time="2.058"/>
</testsuite> <!-- Default test -->
