<?xml version="1.0" encoding="UTF-8"?>
<testng-results ignored="0" total="1" passed="1" failed="0" skipped="0">
  <reporter-output>
  </reporter-output>
  <suite started-at="2026-04-28T14:48:35 IST" name="Default suite" finished-at="2026-04-28T14:48:58 IST" duration-ms="22700">
    <groups>
    </groups>
    <test started-at="2026-04-28T14:48:35 IST" name="Default test" finished-at="2026-04-28T14:48:58 IST" duration-ms="22700">
      <class name="com.test.DashboardTest">
        <test-method is-config="true" signature="beforeClass()[pri:0, instance:com.test.DashboardTest@38467116]" started-at="2026-04-28T14:48:35 IST" name="beforeClass" finished-at="2026-04-28T14:48:46 IST" duration-ms="10564" status="PASS">
          <reporter-output>
          </reporter-output>
        </test-method> <!-- beforeClass -->
        <test-method signature="DashBoardTest()[pri:0, instance:com.test.DashboardTest@38467116]" started-at="2026-04-28T14:48:46 IST" name="DashBoardTest" finished-at="2026-04-28T14:48:58 IST" duration-ms="11550" status="PASS">
          <reporter-output>
          </reporter-output>
        </test-method> <!-- DashBoardTest -->
        <test-method is-config="true" signature="afterClass()[pri:0, instance:com.test.DashboardTest@38467116]" started-at="2026-04-28T14:48:58 IST" name="afterClass" finished-at="2026-04-28T14:48:58 IST" duration-ms="500" status="PASS">
          <reporter-output>
          </reporter-output>
        </test-method> <!-- afterClass -->
      </class> <!-- com.test.DashboardTest -->
    </test> <!-- Default test -->
  </suite> <!-- Default suite -->
</testng-results>
