<?xml version="1.0" encoding="UTF-8"?>
<!-- Generated by org.testng.reporters.JUnitReportReporter -->
<testsuite hostname="DESKTOP-K2SJR3U" failures="0" tests="3" name="com.test.LoginLogs" time="21.201" errors="0" timestamp="2026-04-22T12:22:41 IST" skipped="0">
  <testcase classname="com.test.LoginLogs" name="Invalid1" time="8.003"/>
  <testcase classname="com.test.LoginLogs" name="valid" time="6.044"/>
  <testcase classname="com.test.LoginLogs" name="Invalid1" time="7.154"/>
</testsuite> <!-- com.test.LoginLogs -->
