<?xml version="1.0" encoding="UTF-8"?>
<!-- Generated by org.testng.reporters.JUnitReportReporter -->
<testsuite hostname="DESKTOP-K2SJR3U" failures="0" tests="3" name="com.test.LoginTest" time="20.953" errors="0" timestamp="2026-04-22T11:24:27 IST" skipped="0">
  <testcase classname="com.test.LoginTest" name="Invalid1" time="7.055"/>
  <testcase classname="com.test.LoginTest" name="Invalid1" time="6.257"/>
  <testcase classname="com.test.LoginTest" name="valid" time="7.641"/>
</testsuite> <!-- com.test.LoginTest -->
