<?xml version="1.0" encoding="UTF-8"?>
<!-- Generated by org.testng.reporters.JUnitReportReporter -->
<testsuite hostname="DESKTOP-K2SJR3U" failures="0" tests="3" name="com.practice.priorityprac" time="25.518" errors="0" timestamp="2026-04-28T19:58:39 IST" skipped="0">
  <testcase classname="com.practice.priorityprac" name="open" time="4.232"/>
  <testcase classname="com.practice.priorityprac" name="cart" time="7.378"/>
  <testcase classname="com.practice.priorityprac" name="login" time="13.908"/>
</testsuite> <!-- com.practice.priorityprac -->
