<?xml version="1.0" encoding="UTF-8"?>
<!-- Generated by org.testng.reporters.JUnitXMLReporter -->
<testsuite ignored="4" hostname="DESKTOP-K2SJR3U" failures="0" tests="3" name="Test" time="0.131" errors="0" timestamp="2026-04-17T12:29:09 IST">
  <testcase classname="com.test.GroupsPractice" name="method1" time="0.018"/>
  <testcase classname="com.test.GroupsPractice" name="method2" time="0.005"/>
  <testcase classname="com.test.GroupsPractice" name="method3" time="0.018"/>
  <testcase classname="com.test.FirstTest" name="invalidpassword" time="0.0">
    <ignored/>
  </testcase> <!-- invalidpassword -->
  <testcase classname="com.test.FirstTest" name="validation" time="0.0">
    <ignored/>
  </testcase> <!-- validation -->
  <testcase classname="com.test.FirstTest" name="invaliduser" time="0.0">
    <ignored/>
  </testcase> <!-- invaliduser -->
  <testcase classname="com.test.GroupsPractice" name="methodgroup" time="0.0">
    <ignored/>
  </testcase> <!-- methodgroup -->
</testsuite> <!-- Test -->
