<?xml version="1.0" encoding="UTF-8"?>
<!-- Generated by org.testng.reporters.JUnitXMLReporter -->
<testsuite ignored="0" hostname="DESKTOP-K2SJR3U" failures="0" tests="3" name="Default test" time="22.28" errors="0" timestamp="2026-04-22T12:22:40 IST">
  <testcase classname="com.test.LoginLogs" name="Invalid1" time="4.763"/>
  <testcase classname="com.test.LoginLogs" name="Invalid1" time="2.46"/>
  <testcase classname="com.test.LoginLogs" name="valid" time="3.205"/>
</testsuite> <!-- Default test -->
