<?xml version="1.0" encoding="UTF-8"?>
<testng-results ignored="0" total="1" passed="1" failed="0" skipped="0">
  <reporter-output>
  </reporter-output>
  <suite started-at="2026-05-05T12:31:57 IST" name="Default suite" finished-at="2026-05-05T12:32:15 IST" duration-ms="17633">
    <groups>
      <group name="cucumber">
        <method signature="AbstractTestNGCucumberTests.runScenario(io.cucumber.testng.PickleWrapper,io.cucumber.testng.FeatureWrapper)[pri:0, instance:runner.testrunner@1e178745]" name="runScenario" class="io.cucumber.testng.AbstractTestNGCucumberTests"/>
      </group> <!-- cucumber -->
    </groups>
    <test started-at="2026-05-05T12:31:57 IST" name="Default test" finished-at="2026-05-05T12:32:15 IST" duration-ms="17633">
      <class name="runner.testrunner">
        <test-method is-config="true" signature="setUpClass(org.testng.ITestContext)[pri:0, instance:runner.testrunner@1e178745]" started-at="2026-05-05T12:31:57 IST" name="setUpClass" finished-at="2026-05-05T12:32:05 IST" duration-ms="8448" status="PASS">
          <params>
            <param index="0">
              <value>
                <![CDATA[org.testng.TestRunner@53a9fcfd]]>
              </value>
            </param>
          </params>
          <reporter-output>
          </reporter-output>
        </test-method> <!-- setUpClass -->
        <test-method signature="runScenario(io.cucumber.testng.PickleWrapper,io.cucumber.testng.FeatureWrapper)[pri:0, instance:runner.testrunner@1e178745]" started-at="2026-05-05T12:32:05 IST" name="runScenario" description="Runs Cucumber Scenarios" data-provider="scenarios" finished-at="2026-05-05T12:32:14 IST" duration-ms="8398" status="PASS">
          <params>
            <param index="0">
              <value>
                <![CDATA[":Login with valid credentials"]]>
              </value>
            </param>
            <param index="1">
              <value>
                <![CDATA["login into DemoBlaze application"]]>
              </value>
            </param>
          </params>
          <reporter-output>
          </reporter-output>
        </test-method> <!-- runScenario -->
        <test-method is-config="true" signature="tearDownClass()[pri:0, instance:runner.testrunner@1e178745]" started-at="2026-05-05T12:32:14 IST" name="tearDownClass" finished-at="2026-05-05T12:32:15 IST" duration-ms="687" status="PASS">
          <reporter-output>
          </reporter-output>
        </test-method> <!-- tearDownClass -->
      </class> <!-- runner.testrunner -->
    </test> <!-- Default test -->
  </suite> <!-- Default suite -->
</testng-results>
